{"level":"error","message":"Invalid User","timestamp":"2021-11-24T01:44:49.497Z"}
{"level":"error","message":"Invalid Credential","timestamp":"2021-11-24T01:44:49.498Z"}
{"level":"error","message":"Invalid User","timestamp":"2021-11-24T01:45:35.768Z"}
{"level":"error","message":"Invalid Credential","timestamp":"2021-11-24T01:45:35.769Z"}
{"_original":{"email":"msingh700@gmail.com","password":"Msingh1234@"},"details":[{"context":{"key":"password","label":"password","regex":{},"value":"Msingh1234@"},"message":"\"password\" with value \"Msingh1234@\" fails to match the required pattern: /[A-Za-z0-9]{4,}[$&+,:;=?@#|<>.^*()%!-]{2,}/","path":["password"],"type":"string.pattern.base"}],"level":"error","timestamp":"2021-11-24T14:05:49.886Z"}
{"level":"error","message":"Internal server error","timestamp":"2021-11-25T17:31:12.464Z"}
{"level":"error","message":"Internal server error","timestamp":"2021-11-25T18:19:41.320Z"}
{"level":"error","message":"Internal server error","timestamp":"2021-11-25T18:19:43.714Z"}
{"level":"error","message":"Internal server error","timestamp":"2021-11-25T18:19:44.894Z"}
{"level":"error","message":"Internal server error","timestamp":"2021-11-25T18:19:46.447Z"}
{"code":"EAUTH","command":"AUTH PLAIN","level":"error","response":"535-5.7.8 Username and Password not accepted. Learn more at\n535 5.7.8  https://support.google.com/mail/?p=BadCredentials t12sm9138698pjo.44 - gsmtp","responseCode":535,"timestamp":"2021-11-26T04:23:46.893Z"}
{"code":"EAUTH","command":"AUTH PLAIN","level":"error","response":"535-5.7.8 Username and Password not accepted. Learn more at\n535 5.7.8  https://support.google.com/mail/?p=BadCredentials o7sm4113203pjf.33 - gsmtp","responseCode":535,"timestamp":"2021-11-26T04:31:28.179Z"}
{"code":"EAUTH","command":"AUTH PLAIN","level":"error","response":"535-5.7.8 Username and Password not accepted. Learn more at\n535 5.7.8  https://support.google.com/mail/?p=BadCredentials g5sm8831063pjt.15 - gsmtp","responseCode":535,"timestamp":"2021-11-26T04:42:44.683Z"}
{"code":"EAUTH","command":"AUTH PLAIN","level":"error","response":"535-5.7.8 Username and Password not accepted. Learn more at\n535 5.7.8  https://support.google.com/mail/?p=BadCredentials j2sm2954600pgl.73 - gsmtp","responseCode":535,"timestamp":"2021-11-26T04:42:57.941Z"}
{"_original":{"email":"vik84@gmail.com","password":"10015m"},"details":[{"context":{"key":"password","label":"password","regex":{},"value":"10015m"},"message":"\"password\" with value \"10015m\" fails to match the required pattern: /(?=^.{8,}$)((?=.*\\d)|(?=.*\\W+))(?![.\\n])(?=.*[A-Z])(?=.*[a-z]).*$/","path":["password"],"type":"string.pattern.base"}],"level":"error","timestamp":"2021-11-26T04:56:57.709Z"}
{"code":"EAUTH","command":"AUTH PLAIN","level":"error","response":"535-5.7.8 Username and Password not accepted. Learn more at\n535 5.7.8  https://support.google.com/mail/?p=BadCredentials k19sm5113493pff.20 - gsmtp","responseCode":535,"timestamp":"2021-11-26T05:17:19.570Z"}
{"code":"EAUTH","command":"AUTH PLAIN","level":"error","response":"535-5.7.8 Username and Password not accepted. Learn more at\n535 5.7.8  https://support.google.com/mail/?p=BadCredentials g7sm5350430pfv.159 - gsmtp","responseCode":535,"timestamp":"2021-11-26T05:25:12.735Z"}
{"code":"EAUTH","command":"AUTH PLAIN","level":"error","response":"535-5.7.8 Username and Password not accepted. Learn more at\n535 5.7.8  https://support.google.com/mail/?p=BadCredentials z93sm5624166pjj.7 - gsmtp","responseCode":535,"timestamp":"2021-11-26T12:14:19.962Z"}
{"code":"EAUTH","command":"AUTH PLAIN","level":"error","response":"535-5.7.8 Username and Password not accepted. Learn more at\n535 5.7.8  https://support.google.com/mail/?p=BadCredentials y9sm10696125pjt.27 - gsmtp","responseCode":535,"timestamp":"2021-11-26T12:20:24.100Z"}
{"code":"EAUTH","command":"AUTH PLAIN","level":"error","response":"535-5.7.8 Username and Password not accepted. Learn more at\n535 5.7.8  https://support.google.com/mail/?p=BadCredentials k13sm8065144pfc.197 - gsmtp","responseCode":535,"timestamp":"2021-11-26T12:28:59.336Z"}
{"code":"EAUTH","command":"AUTH PLAIN","level":"error","response":"535-5.7.8 Username and Password not accepted. Learn more at\n535 5.7.8  https://support.google.com/mail/?p=BadCredentials kx3sm5753155pjb.5 - gsmtp","responseCode":535,"timestamp":"2021-11-26T12:33:19.791Z"}
{"code":"EAUTH","command":"AUTH PLAIN","level":"error","response":"535-5.7.8 Username and Password not accepted. Learn more at\n535 5.7.8  https://support.google.com/mail/?p=BadCredentials c3sm6750784pfm.177 - gsmtp","responseCode":535,"timestamp":"2021-11-26T12:35:11.591Z"}
{"code":"EAUTH","command":"AUTH PLAIN","level":"error","response":"535-5.7.8 Username and Password not accepted. Learn more at\n535 5.7.8  https://support.google.com/mail/?p=BadCredentials g20sm8078970pfj.12 - gsmtp","responseCode":535,"timestamp":"2021-11-26T12:48:21.158Z"}
{"code":"EAUTH","command":"AUTH PLAIN","level":"error","response":"535-5.7.8 Username and Password not accepted. Learn more at\n535 5.7.8  https://support.google.com/mail/?p=BadCredentials j7sm7546383pfc.74 - gsmtp","responseCode":535,"timestamp":"2021-11-26T12:59:36.325Z"}
{"code":"EAUTH","command":"AUTH PLAIN","level":"error","response":"535-5.7.8 Username and Password not accepted. Learn more at\n535 5.7.8  https://support.google.com/mail/?p=BadCredentials u9sm7147082pfi.23 - gsmtp","responseCode":535,"timestamp":"2021-11-26T13:01:54.530Z"}
